\\Pc01\DATA (E)\佛山市禅城区南庄二桥北延线道路工程\施工图修编\第七篇  交通工程及沿线设施\S7-2~10.dwg,Model,2012-10-25 17:54:39,Administrator,pdfFactory Pro,A3,0.0393701:1,
\\Pc01\DATA (E)\佛山市禅城区南庄二桥北延线道路工程\施工图修编\第七篇  交通工程及沿线设施\S7-2~10.dwg,Model,2012-10-25 19:26:56,Administrator,pdfFactory Pro,A3,0.0393701:1,
\\Pc01\DATA (E)\佛山市禅城区南庄二桥北延线道路工程\施工图修编\第七篇  交通工程及沿线设施\S7-2~10.dwg,Model,2012-10-25 19:41:48,Administrator,pdfFactory Pro,A3,0.0393701:1,
\\Pc01\DATA (E)\佛山市禅城区南庄二桥北延线道路工程\施工图修编\第七篇  交通工程及沿线设施\S7-2~10.dwg,Model,2012-10-25 19:41:49,Administrator,pdfFactory Pro,A3,0.0393701:1,
\\Pc01\DATA (E)\佛山市禅城区南庄二桥北延线道路工程\施工图修编\第七篇  交通工程及沿线设施\S7-2~10.dwg,Model,2012-10-25 19:41:50,Administrator,pdfFactory Pro,A3,0.0393701:1,
\\Pc01\DATA (E)\佛山市禅城区南庄二桥北延线道路工程\施工图修编\第七篇  交通工程及沿线设施\S7-2~10.dwg,Model,2012-10-25 19:41:51,Administrator,pdfFactory Pro,A3,0.0393701:1,
\\Pc01\DATA (E)\佛山市禅城区南庄二桥北延线道路工程\施工图修编\第七篇  交通工程及沿线设施\S7-2~10.dwg,Model,2012-10-25 19:41:52,Administrator,pdfFactory Pro,A3,0.0393701:1,
\\Pc01\DATA (E)\佛山市禅城区南庄二桥北延线道路工程\施工图修编\第七篇  交通工程及沿线设施\S7-2~10.dwg,Model,2012-10-25 19:41:52,Administrator,pdfFactory Pro,A3,0.0393701:1,
\\Pc01\DATA (E)\佛山市禅城区南庄二桥北延线道路工程\施工图修编\第七篇  交通工程及沿线设施\S7-2~10.dwg,Model,2012-10-25 19:41:53,Administrator,pdfFactory Pro,A3,0.0393701:1,
\\Pc01\DATA (E)\佛山市禅城区南庄二桥北延线道路工程\施工图修编\第七篇  交通工程及沿线设施\S7-2~10.dwg,Model,2012-10-25 19:41:53,Administrator,pdfFactory Pro,A3,0.0393701:1,
\\Pc01\DATA (E)\佛山市禅城区南庄二桥北延线道路工程\施工图修编\第七篇  交通工程及沿线设施\S7-2~10.dwg,Model,2012-10-25 19:41:53,Administrator,pdfFactory Pro,A3,0.0393701:1,
\\Pc01\DATA (E)\佛山市禅城区南庄二桥北延线道路工程\施工图修编\第七篇  交通工程及沿线设施\S7-2~10.dwg,Model,2012-10-25 19:41:54,Administrator,pdfFactory Pro,A3,0.0393701:1,
\\Pc01\DATA (E)\佛山市禅城区南庄二桥北延线道路工程\施工图修编\第七篇  交通工程及沿线设施\S7-2~10.dwg,Model,2012-10-25 19:41:54,Administrator,pdfFactory Pro,A3,0.0393701:1,
\\Pc01\DATA (E)\佛山市禅城区南庄二桥北延线道路工程\施工图修编\第七篇  交通工程及沿线设施\S7-2~10.dwg,Model,2012-10-25 19:41:55,Administrator,pdfFactory Pro,A3,0.0393701:1,
\\Pc01\DATA (E)\佛山市禅城区南庄二桥北延线道路工程\施工图修编\第七篇  交通工程及沿线设施\S7-2~10.dwg,Model,2012-10-25 19:41:55,Administrator,pdfFactory Pro,A3,0.0393701:1,
\\Pc01\DATA (E)\佛山市禅城区南庄二桥北延线道路工程\施工图修编\第七篇  交通工程及沿线设施\S7-2~10.dwg,Model,2012-10-25 19:41:56,Administrator,pdfFactory Pro,A3,0.0393701:1,
\\Pc01\DATA (E)\佛山市禅城区南庄二桥北延线道路工程\施工图修编\第七篇  交通工程及沿线设施\S7-2-3 照明工程平面布置图.dwg,平面图001,2012-10-25 19:49:42,Administrator,pdfFactory Pro,A3,0.0393701:1,
\\Pc01\DATA (E)\佛山市禅城区南庄二桥北延线道路工程\施工图修编\第七篇  交通工程及沿线设施\S7-2-3 照明工程平面布置图.dwg,平面图006,2012-10-25 19:49:43,Administrator,pdfFactory Pro,A3,0.0393701:1,
\\Pc01\DATA (E)\佛山市禅城区南庄二桥北延线道路工程\施工图修编\第七篇  交通工程及沿线设施\S7-2-3 照明工程平面布置图.dwg,平面图007,2012-10-25 19:49:44,Administrator,pdfFactory Pro,A3,0.0393701:1,
\\Pc01\DATA (E)\佛山市禅城区南庄二桥北延线道路工程\施工图修编\第七篇  交通工程及沿线设施\S7-2-3 照明工程平面布置图.dwg,平面图005,2012-10-25 19:49:45,Administrator,pdfFactory Pro,A3,0.0393701:1,
\\Pc01\DATA (E)\佛山市禅城区南庄二桥北延线道路工程\施工图修编\第七篇  交通工程及沿线设施\S7-2-3 照明工程平面布置图.dwg,平面图002,2012-10-25 19:49:47,Administrator,pdfFactory Pro,A3,0.0393701:1,
\\Pc01\DATA (E)\佛山市禅城区南庄二桥北延线道路工程\施工图修编\第七篇  交通工程及沿线设施\S7-2-3 照明工程平面布置图.dwg,平面图004,2012-10-25 19:49:48,Administrator,pdfFactory Pro,A3,0.0393701:1,
\\Pc01\DATA (E)\佛山市禅城区南庄二桥北延线道路工程\施工图修编\第七篇  交通工程及沿线设施\S7-2-3 照明工程平面布置图.dwg,平面图003,2012-10-25 19:49:49,Administrator,pdfFactory Pro,A3,0.0393701:1,
\\Pc01\DATA (E)\佛山市禅城区南庄二桥北延线道路工程\施工图修编\第七篇  交通工程及沿线设施\S7-2-3 照明工程平面布置图.dwg,平面图008,2012-10-25 19:49:50,Administrator,pdfFactory Pro,A3,0.0393701:1,
\\Pc01\DATA (E)\佛山市禅城区南庄二桥北延线道路工程\施工图修编\第七篇  交通工程及沿线设施\S7-2-3 照明工程平面布置图.dwg,平面图001,2012-10-25 19:53:32,Administrator,pdfFactory Pro,A3,0.0393701:1,
\\Pc01\DATA (E)\佛山市禅城区南庄二桥北延线道路工程\施工图修编\第七篇  交通工程及沿线设施\S7-2-3 照明工程平面布置图.dwg,平面图008,2012-10-25 19:53:33,Administrator,pdfFactory Pro,A3,0.0393701:1,
\\Pc01\DATA (E)\佛山市禅城区南庄二桥北延线道路工程\施工图修编\第七篇  交通工程及沿线设施\S7-2-3 照明工程平面布置图.dwg,平面图006,2012-10-25 19:53:34,Administrator,pdfFactory Pro,A3,0.0393701:1,
\\Pc01\DATA (E)\佛山市禅城区南庄二桥北延线道路工程\施工图修编\第七篇  交通工程及沿线设施\S7-2-3 照明工程平面布置图.dwg,平面图007,2012-10-25 19:53:35,Administrator,pdfFactory Pro,A3,0.0393701:1,
\\Pc01\DATA (E)\佛山市禅城区南庄二桥北延线道路工程\施工图修编\第七篇  交通工程及沿线设施\S7-2-3 照明工程平面布置图.dwg,平面图005,2012-10-25 19:53:36,Administrator,pdfFactory Pro,A3,0.0393701:1,
\\Pc01\DATA (E)\佛山市禅城区南庄二桥北延线道路工程\施工图修编\第七篇  交通工程及沿线设施\S7-2-3 照明工程平面布置图.dwg,平面图002,2012-10-25 19:53:37,Administrator,pdfFactory Pro,A3,0.0393701:1,
\\Pc01\DATA (E)\佛山市禅城区南庄二桥北延线道路工程\施工图修编\第七篇  交通工程及沿线设施\S7-2-3 照明工程平面布置图.dwg,平面图004,2012-10-25 19:53:38,Administrator,pdfFactory Pro,A3,0.0393701:1,
\\Pc01\DATA (E)\佛山市禅城区南庄二桥北延线道路工程\施工图修编\第七篇  交通工程及沿线设施\S7-2-3 照明工程平面布置图.dwg,平面图003,2012-10-25 19:53:40,Administrator,pdfFactory Pro,A3,0.0393701:1,
\\Pc01\DATA (E)\佛山市禅城区南庄二桥北延线道路工程\施工图修编\第七篇  交通工程及沿线设施\S7-2-3 照明工程平面布置图.dwg,平面图001,2012-10-25 19:53:55,Administrator,pdfFactory Pro,A3,0.0393701:1,
\\Pc01\DATA (E)\佛山市禅城区南庄二桥北延线道路工程\施工图修编\第七篇  交通工程及沿线设施\S7-2-3 照明工程平面布置图.dwg,平面图003,2012-10-25 19:53:56,Administrator,pdfFactory Pro,A3,0.0393701:1,
\\Pc01\DATA (E)\佛山市禅城区南庄二桥北延线道路工程\施工图修编\第七篇  交通工程及沿线设施\S7-2-3 照明工程平面布置图.dwg,平面图008,2012-10-25 19:53:58,Administrator,pdfFactory Pro,A3,0.0393701:1,
\\Pc01\DATA (E)\佛山市禅城区南庄二桥北延线道路工程\施工图修编\第七篇  交通工程及沿线设施\S7-2-3 照明工程平面布置图.dwg,平面图006,2012-10-25 19:53:59,Administrator,pdfFactory Pro,A3,0.0393701:1,
\\Pc01\DATA (E)\佛山市禅城区南庄二桥北延线道路工程\施工图修编\第七篇  交通工程及沿线设施\S7-2-3 照明工程平面布置图.dwg,平面图007,2012-10-25 19:54:00,Administrator,pdfFactory Pro,A3,0.0393701:1,
\\Pc01\DATA (E)\佛山市禅城区南庄二桥北延线道路工程\施工图修编\第七篇  交通工程及沿线设施\S7-2-3 照明工程平面布置图.dwg,平面图005,2012-10-25 19:54:01,Administrator,pdfFactory Pro,A3,0.0393701:1,
\\Pc01\DATA (E)\佛山市禅城区南庄二桥北延线道路工程\施工图修编\第七篇  交通工程及沿线设施\S7-2-3 照明工程平面布置图.dwg,平面图002,2012-10-25 19:54:02,Administrator,pdfFactory Pro,A3,0.0393701:1,
\\Pc01\DATA (E)\佛山市禅城区南庄二桥北延线道路工程\施工图修编\第七篇  交通工程及沿线设施\S7-2-3 照明工程平面布置图.dwg,平面图004,2012-10-25 19:54:03,Administrator,pdfFactory Pro,A3,0.0393701:1,
\\Pc01\DATA (E)\佛山市禅城区南庄二桥北延线道路工程\施工图修编\第七篇  交通工程及沿线设施\S7-2-3 照明工程平面布置图.dwg,平面图003,2012-10-25 20:01:08,Administrator,Canon iR2270/iR2870 UFR II,A3,0.0393701:1,
\\Pc01\DATA (E)\佛山市禅城区南庄二桥北延线道路工程\施工图修编\第七篇  交通工程及沿线设施\S7-2-3 照明工程平面布置图.dwg,平面图003,2012-10-25 20:01:26,Administrator,Canon iR2270/iR2870 UFR II,A3,0.0393701:1,
\\Pc01\DATA (E)\佛山市禅城区南庄二桥北延线道路工程\施工图修编\第七篇  交通工程及沿线设施\S7-2-3 照明工程平面布置图.dwg,平面图004,2012-10-25 20:01:47,Administrator,Canon iR2270/iR2870 UFR II,A3,0.0393701:1,
\\Pc01\DATA (E)\佛山市禅城区南庄二桥北延线道路工程\施工图修编\第一篇 总体设计\S1-1 路线地理位置图.dwg,A3,2012-10-25 20:02:53,Administrator,pdfFactory Pro,A3,0.0393701:1,
\\Pc01\DATA (E)\佛山市禅城区南庄二桥北延线道路工程\施工图修编\第一篇 总体设计\S1-3 路线平、纵面缩图.dwg,平面图001,2012-10-25 20:04:52,Administrator,pdfFactory Pro,A3,0.0393701:1,
\\Pc01\DATA (E)\佛山市禅城区南庄二桥北延线道路工程\施工图修编\第一篇 总体设计\S1-6 道路平面总体设计图.dwg,平面图001,2012-10-25 20:15:57,Administrator,pdfFactory Pro,A3,0.0393701:1,
\\Pc01\DATA (E)\佛山市禅城区南庄二桥北延线道路工程\施工图修编\第一篇 总体设计\S1-6 道路平面总体设计图.dwg,平面图008,2012-10-25 20:16:36,Administrator,pdfFactory Pro,A3,0.0393701:1,
\\Pc01\DATA (E)\佛山市禅城区南庄二桥北延线道路工程\施工图修编\第一篇 总体设计\S1-6 道路平面总体设计图.dwg,平面图003,2012-10-25 20:17:48,Administrator,pdfFactory Pro,A3,0.0393701:1,
\\Pc01\DATA (E)\佛山市禅城区南庄二桥北延线道路工程\施工图修编\第一篇 总体设计\S1-6 道路平面总体设计图.dwg,平面图004,2012-10-25 20:19:03,Administrator,pdfFactory Pro,A3,0.0393701:1,
\\Pc01\DATA (E)\佛山市禅城区南庄二桥北延线道路工程\施工图修编\第一篇 总体设计\S1-6 道路平面总体设计图.dwg,平面图005,2012-10-25 20:20:19,Administrator,pdfFactory Pro,A3,0.0393701:1,
\\Pc01\DATA (E)\佛山市禅城区南庄二桥北延线道路工程\施工图修编\第一篇 总体设计\S1-6 道路平面总体设计图.dwg,平面图007,2012-10-25 20:21:36,Administrator,pdfFactory Pro,A3,0.0393701:1,
\\Pc01\DATA (E)\佛山市禅城区南庄二桥北延线道路工程\施工图修编\第一篇 总体设计\S1-6 道路平面总体设计图.dwg,平面图002,2012-10-25 20:22:15,Administrator,pdfFactory Pro,A3,0.0393701:1,
\\Pc01\DATA (E)\佛山市禅城区南庄二桥北延线道路工程\施工图修编\第一篇 总体设计\S1-6 道路平面总体设计图.dwg,平面图006,2012-10-25 20:22:57,Administrator,pdfFactory Pro,A3,0.0393701:1,
\\Pc01\DATA (E)\佛山市禅城区南庄二桥北延线道路工程\施工图修编\第七篇  交通工程及沿线设施\S7-2~10.dwg,Model,2012-10-26 19:47:19,Administrator,pdfFactory Pro,A3,0.0393701:1,
\\Pc01\DATA (E)\佛山市禅城区南庄二桥北延线道路工程\施工图修编\第七篇  交通工程及沿线设施\S7-12 交通信号灯管线布置图.dwg,平面图003,2012-10-26 19:58:49,Administrator,pdfFactory Pro,A3,0.0393701:1,
\\Pc01\DATA (E)\佛山市禅城区南庄二桥北延线道路工程\施工图修编\第七篇  交通工程及沿线设施\S7-12 交通信号灯管线布置图.dwg,平面图006,2012-10-26 20:00:11,Administrator,pdfFactory Pro,A3,0.0393701:1,
\\Pc01\DATA (E)\佛山市禅城区南庄二桥北延线道路工程\施工图修编\第七篇  交通工程及沿线设施\S7-2~10.dwg,Model,2012-11-7 16:33:20,Administrator,pdfFactory Pro,A3,0.0393701:1,
