\\Pc01\DATA (E)\佛山市禅城区南庄二桥北延线道路工程\施工图修编\第二篇 路线\S2-13 安全设施\S2-13-3 标志标线平面布置图0821.dwg,平面图003,2012-10-27 11:04:25,Administrator,pdfFactory Pro,A3,0.0393701:1,
\\Pc01\DATA (E)\佛山市禅城区南庄二桥北延线道路工程\施工图修编\第二篇 路线\S2-13 安全设施\S2-13-4和S2-13-6.dwg,Model,2012-10-27 11:10:19,Administrator,pdfFactory Pro,A3,0.0393701:1,
\\Pc01\DATA (E)\佛山市禅城区南庄二桥北延线道路工程\施工图修编\第二篇 路线\S2-3 路线纵断面图.dwg,Model,2012-10-27 11:27:31,Administrator,pdfFactory Pro,A3,0.0393701:2,
\\Pc01\DATA (E)\佛山市禅城区南庄二桥北延线道路工程\施工图修编\第二篇 路线\S2-3 路线纵断面图.dwg,Model,2012-10-27 11:27:43,Administrator,pdfFactory Pro,A3,0.0393701:2,
\\Pc01\DATA (E)\佛山市禅城区南庄二桥北延线道路工程\施工图修编\第七篇  交通工程及沿线设施\S7-3-2 交通信号灯管线布置图.dwg,平面图003,2012-10-27 11:45:09,Administrator,pdfFactory Pro,A3,0.0393701:1,
\\Pc01\DATA (E)\佛山市禅城区南庄二桥北延线道路工程\施工图修编\第七篇  交通工程及沿线设施\S7-3-2 交通信号灯管线布置图.dwg,平面图003,2012-10-27 11:45:46,Administrator,pdfFactory Pro,A3,0.0393701:1,
\\Pc01\DATA (E)\佛山市禅城区南庄二桥北延线道路工程\施工图修编\第七篇  交通工程及沿线设施\S7-3-2 交通信号灯管线布置图.dwg,平面图006,2012-10-27 11:46:11,Administrator,pdfFactory Pro,A3,0.0393701:1,
\\Pc01\DATA (E)\佛山市禅城区南庄二桥北延线道路工程\施工图修编\第七篇  交通工程及沿线设施\S7-13~S7-20.dwg,Model,2012-10-27 11:55:55,Administrator,pdfFactory Pro,A3,0.0393701:1,
\\Pc01\DATA (E)\佛山市禅城区南庄二桥北延线道路工程\施工图修编\第七篇  交通工程及沿线设施\S7-13~S7-20.dwg,Model,2012-10-27 11:56:27,Administrator,pdfFactory Pro,A3,0.0393701:1,
\\Pc01\DATA (E)\佛山市禅城区南庄二桥北延线道路工程\施工图修编\第七篇  交通工程及沿线设施\S7-13~S7-20.dwg,Model,2012-10-27 11:56:58,Administrator,pdfFactory Pro,A3,0.0393701:1,
\\Pc01\DATA (E)\佛山市禅城区南庄二桥北延线道路工程\施工图修编\第七篇  交通工程及沿线设施\S7-13~S7-20.dwg,Model,2012-10-27 11:57:09,Administrator,pdfFactory Pro,A3,0.0393701:1,
\\Pc01\DATA (E)\佛山市禅城区南庄二桥北延线道路工程\施工图修编\第七篇  交通工程及沿线设施\S7-13~S7-20.dwg,Model,2012-10-27 11:57:19,Administrator,pdfFactory Pro,A3,0.0393701:1,
\\Pc01\DATA (E)\佛山市禅城区南庄二桥北延线道路工程\施工图修编\第七篇  交通工程及沿线设施\S7-13~S7-20.dwg,Model,2012-10-27 11:57:29,Administrator,pdfFactory Pro,A3,0.0393701:1,
\\Pc01\DATA (E)\佛山市禅城区南庄二桥北延线道路工程\施工图修编\第七篇  交通工程及沿线设施\S7-13~S7-20.dwg,Model,2012-10-27 11:57:39,Administrator,pdfFactory Pro,A3,0.0393701:1,
\\Pc01\DATA (E)\佛山市禅城区南庄二桥北延线道路工程\施工图修编\第七篇  交通工程及沿线设施\S7-13~S7-20.dwg,Model,2012-10-27 11:57:49,Administrator,pdfFactory Pro,A3,0.0393701:1,
\\Pc01\DATA (E)\佛山市禅城区南庄二桥北延线道路工程\施工图修编\第七篇  交通工程及沿线设施\S7-13~S7-20.dwg,Model,2012-10-27 11:57:59,Administrator,pdfFactory Pro,A3,0.0393701:1,
\\Pc01\DATA (E)\佛山市禅城区南庄二桥北延线道路工程\施工图修编\第七篇  交通工程及沿线设施\S7-13~S7-20.dwg,Model,2012-10-27 11:58:10,Administrator,pdfFactory Pro,A3,0.0393701:1,
\\Pc01\DATA (E)\佛山市禅城区南庄二桥北延线道路工程\施工图修编\第二篇 路线\S2-13 安全设施\S2-13-9~S2-13-17.dwg,Model,2012-10-29 14:50:11,Administrator,Canon iR2270/iR2870 UFR II,A3,0.0393701:1,
\\Pc01\DATA (E)\佛山市禅城区南庄二桥北延线道路工程\施工图修编\第二篇 路线\S2-13 安全设施\S2-13-9~S2-13-17.dwg,Model,2012-10-29 14:50:23,Administrator,Adobe PDF,A3,0.0393701:1,
\\Pc01\DATA (E)\佛山市禅城区南庄二桥北延线道路工程\施工图修编\第二篇 路线\S2-13 安全设施\S2-13-16 交通标线设计图.dwg,Model,2012-11-5 18:27:23,Administrator,pdfFactory Pro,A3,0.0393701:1,
\\Pc01\DATA (E)\佛山市禅城区南庄二桥北延线道路工程\施工图修编\第二篇 路线\S2-13 安全设施\S2-13-16 交通标线设计图.dwg,Model,2012-11-5 18:27:34,Administrator,pdfFactory Pro,A3,0.0393701:1,
\\Pc01\DATA (E)\佛山市禅城区南庄二桥北延线道路工程\施工图修编\第二篇 路线\S2-13 安全设施\S2-13-16 交通标线设计图.dwg,Model,2012-11-5 18:27:42,Administrator,pdfFactory Pro,A3,0.0393701:1,
\\Pc01\DATA (E)\佛山市禅城区南庄二桥北延线道路工程\施工图修编\第二篇 路线\S2-13 安全设施\S2-13-16 交通标线设计图.dwg,Model,2012-11-5 18:27:50,Administrator,pdfFactory Pro,A3,0.0393701:1,
\\Pc01\DATA (E)\佛山市禅城区南庄二桥北延线道路工程\施工图修编\第二篇 路线\S2-13 安全设施\S2-13-16 交通标线设计图.dwg,Model,2012-11-5 18:28:18,Administrator,pdfFactory Pro,A3,0.0393701:1,
\\Pc01\DATA (E)\佛山市禅城区南庄二桥北延线道路工程\施工图修编\第二篇 路线\S2-13 安全设施\S2-13-3 标志标线平面布置图1105.dwg,平面图001,2012-11-5 18:30:57,Administrator,pdfFactory Pro,A3,0.0393701:1,
\\Pc01\DATA (E)\佛山市禅城区南庄二桥北延线道路工程\施工图修编\第二篇 路线\S2-13 安全设施\S2-13-3 标志标线平面布置图1105.dwg,平面图002,2012-11-5 18:31:18,Administrator,pdfFactory Pro,A3,0.0393701:1,
\\Pc01\DATA (E)\佛山市禅城区南庄二桥北延线道路工程\施工图修编\第二篇 路线\S2-13 安全设施\S2-13-3 标志标线平面布置图1105.dwg,平面图003,2012-11-5 18:31:29,Administrator,pdfFactory Pro,A3,0.0393701:1,
\\Pc01\DATA (E)\佛山市禅城区南庄二桥北延线道路工程\施工图修编\第二篇 路线\S2-13 安全设施\S2-13-3 标志标线平面布置图1105.dwg,平面图005,2012-11-5 18:31:40,Administrator,pdfFactory Pro,A3,0.0393701:1,
\\Pc01\DATA (E)\佛山市禅城区南庄二桥北延线道路工程\施工图修编\第二篇 路线\S2-13 安全设施\S2-13-3 标志标线平面布置图1105.dwg,平面图006,2012-11-5 18:31:50,Administrator,pdfFactory Pro,A3,0.0393701:1,
\\Pc01\DATA (E)\佛山市禅城区南庄二桥北延线道路工程\施工图修编\第二篇 路线\S2-13 安全设施\S2-13-3 标志标线平面布置图1105.dwg,平面图007,2012-11-5 18:32:00,Administrator,pdfFactory Pro,A3,0.0393701:1,
\\Pc01\DATA (E)\佛山市禅城区南庄二桥北延线道路工程\施工图修编\第二篇 路线\S2-13 安全设施\S2-13-3 标志标线平面布置图1105.dwg,平面图008,2012-11-5 18:32:09,Administrator,pdfFactory Pro,A3,0.0393701:1,
\\Pc01\DATA (E)\佛山市禅城区南庄二桥北延线道路工程\施工图修编\第二篇 路线\S2-13 安全设施\S2-13-3 标志标线平面布置图1105.dwg,平面图004,2012-11-5 18:32:48,Administrator,pdfFactory Pro,A3,0.0393701:1,
\\Pc01\DATA (E)\佛山市禅城区南庄二桥北延线道路工程\施工图修编\第二篇 路线\S2-13 安全设施\S2-13-4和S2-13-6.dwg,Model,2012-11-5 19:57:33,Administrator,pdfFactory Pro,A3,0.0393701:1,
\\Pc01\DATA (E)\佛山市禅城区南庄二桥北延线道路工程\施工图修编\第二篇 路线\S2-13 安全设施\S2-13-3 标志标线平面布置图1105.dwg,平面图001,2012-11-5 19:59:50,Administrator,pdfFactory Pro,A3,0.0393701:1,
\\Pc01\DATA (E)\佛山市禅城区南庄二桥北延线道路工程\施工图修编\第二篇 路线\S2-13 安全设施\S2-13-4和S2-13-6.dwg,Model,2012-11-5 20:12:44,Administrator,pdfFactory Pro,A3,0.0393701:1,
\\Pc01\DATA (E)\佛山市禅城区南庄二桥北延线道路工程\施工图修编\第二篇 路线\S2-13 安全设施\S2-13-4和S2-13-6.dwg,Model,2012-11-5 20:15:42,Administrator,pdfFactory Pro,A3,0.0393701:1,
