\\Pc01\DATA (E)\佛山市禅城区南庄二桥北延线道路工程\施工图修编\第八篇 环境保护与景观设计\S8-2~S8-3 典型路段绿化设计图.dwg,Model,2012-10-26 21:14:58,Administrator,pdfFactory Pro.pc3,A3,1:1,
\\Pc01\DATA (E)\佛山市禅城区南庄二桥北延线道路工程\施工图修编\第八篇 环境保护与景观设计\S8-2~S8-3 典型路段绿化设计图.dwg,Model,2012-10-26 21:15:17,Administrator,pdfFactory Pro.pc3,A3,1:1,
\\Pc01\DATA (E)\佛山市禅城区南庄二桥北延线道路工程\施工图修编\第八篇 环境保护与景观设计\S8-2~S8-3 典型路段绿化设计图.dwg,Model,2012-10-26 21:15:47,Administrator,pdfFactory Pro.pc3,A3,1:1,
\\Pc01\DATA (E)\佛山市禅城区南庄二桥北延线道路工程\施工图修编\第八篇 环境保护与景观设计\S8-2~S8-3 典型路段绿化设计图.dwg,Model,2012-10-26 21:16:03,Administrator,pdfFactory Pro.pc3,A3,1:1,
\\Pc01\DATA (E)\佛山市禅城区南庄二桥北延线道路工程\施工图修编\第八篇 环境保护与景观设计\S8-4 绿化平面设计图（14幅）.dwg,平面图001,2012-10-26 21:19:30,Administrator,pdfFactory Pro,A3,1:0.5,
\\Pc01\DATA (E)\佛山市禅城区南庄二桥北延线道路工程\施工图修编\第八篇 环境保护与景观设计\S8-4 绿化平面设计图（14幅）.dwg,平面图001,2012-10-26 21:21:20,Administrator,pdfFactory Pro.pc3,A3,1:0.5,
\\Pc01\DATA (E)\佛山市禅城区南庄二桥北延线道路工程\施工图修编\第八篇 环境保护与景观设计\S8-4 绿化平面设计图（14幅）.dwg,平面图002,2012-10-26 21:21:55,Administrator,pdfFactory Pro.pc3,A3,1:0.5,
\\Pc01\DATA (E)\佛山市禅城区南庄二桥北延线道路工程\施工图修编\第八篇 环境保护与景观设计\S8-4 绿化平面设计图（14幅）.dwg,平面图003,2012-10-26 21:22:16,Administrator,pdfFactory Pro.pc3,A3,1:0.5,
\\Pc01\DATA (E)\佛山市禅城区南庄二桥北延线道路工程\施工图修编\第八篇 环境保护与景观设计\S8-4 绿化平面设计图（14幅）.dwg,平面图004,2012-10-26 21:22:32,Administrator,pdfFactory Pro.pc3,A3,1:0.5,
\\Pc01\DATA (E)\佛山市禅城区南庄二桥北延线道路工程\施工图修编\第八篇 环境保护与景观设计\S8-4 绿化平面设计图（14幅）.dwg,平面图005,2012-10-26 21:22:49,Administrator,pdfFactory Pro.pc3,A3,1:0.5,
\\Pc01\DATA (E)\佛山市禅城区南庄二桥北延线道路工程\施工图修编\第八篇 环境保护与景观设计\S8-4 绿化平面设计图（14幅）.dwg,平面图006,2012-10-26 21:23:04,Administrator,pdfFactory Pro.pc3,A3,1:0.5,
\\Pc01\DATA (E)\佛山市禅城区南庄二桥北延线道路工程\施工图修编\第八篇 环境保护与景观设计\S8-4 绿化平面设计图（14幅）.dwg,平面图007,2012-10-26 21:23:24,Administrator,pdfFactory Pro.pc3,A3,1:0.5,
\\Pc01\DATA (E)\佛山市禅城区南庄二桥北延线道路工程\施工图修编\第八篇 环境保护与景观设计\S8-4 绿化平面设计图（14幅）.dwg,平面图008,2012-10-26 21:23:42,Administrator,pdfFactory Pro.pc3,A3,1:0.5,
\\Pc01\DATA (E)\佛山市禅城区南庄二桥北延线道路工程\施工图修编\第八篇 环境保护与景观设计\S8-4 绿化平面设计图（14幅）.dwg,平面图009,2012-10-26 21:23:59,Administrator,pdfFactory Pro.pc3,A3,1:0.5,
\\Pc01\DATA (E)\佛山市禅城区南庄二桥北延线道路工程\施工图修编\第八篇 环境保护与景观设计\S8-4 绿化平面设计图（14幅）.dwg,平面图010,2012-10-26 21:24:33,Administrator,pdfFactory Pro.pc3,A3,1:0.5,
\\Pc01\DATA (E)\佛山市禅城区南庄二桥北延线道路工程\施工图修编\第八篇 环境保护与景观设计\S8-4 绿化平面设计图（14幅）.dwg,平面图011,2012-10-26 21:25:00,Administrator,pdfFactory Pro.pc3,A3,1:0.5,
\\Pc01\DATA (E)\佛山市禅城区南庄二桥北延线道路工程\施工图修编\第八篇 环境保护与景观设计\S8-4 绿化平面设计图（14幅）.dwg,平面图012,2012-10-26 21:25:14,Administrator,pdfFactory Pro.pc3,A3,1:0.5,
\\Pc01\DATA (E)\佛山市禅城区南庄二桥北延线道路工程\施工图修编\第八篇 环境保护与景观设计\S8-4 绿化平面设计图（14幅）.dwg,平面图013,2012-10-26 21:25:32,Administrator,pdfFactory Pro.pc3,A3,1:0.5,
\\Pc01\DATA (E)\佛山市禅城区南庄二桥北延线道路工程\施工图修编\第八篇 环境保护与景观设计\S8-4 绿化平面设计图（14幅）.dwg,平面图014,2012-10-26 21:25:50,Administrator,pdfFactory Pro.pc3,A3,1:0.5,
\\Pc01\DATA (E)\佛山市禅城区南庄二桥北延线道路工程\施工图修编\第八篇 环境保护与景观设计\S8-5~6 绿化喷淋平面设计图.dwg,喷淋设计说明,2012-10-26 21:29:02,Administrator,pdfFactory Pro.pc3,A3,1:1,
\\Pc01\DATA (E)\佛山市禅城区南庄二桥北延线道路工程\施工图修编\第八篇 环境保护与景观设计\S8-5~6 绿化喷淋平面设计图.dwg,平面图001,2012-10-26 21:31:15,Administrator,pdfFactory Pro.pc3,A3,1:0.5,
\\Pc01\DATA (E)\佛山市禅城区南庄二桥北延线道路工程\施工图修编\第八篇 环境保护与景观设计\S8-5~6 绿化喷淋平面设计图.dwg,平面图002,2012-10-26 21:31:29,Administrator,pdfFactory Pro.pc3,A3,1:0.5,
\\Pc01\DATA (E)\佛山市禅城区南庄二桥北延线道路工程\施工图修编\第八篇 环境保护与景观设计\S8-5~6 绿化喷淋平面设计图.dwg,平面图003,2012-10-26 21:31:46,Administrator,pdfFactory Pro.pc3,A3,1:0.5,
\\Pc01\DATA (E)\佛山市禅城区南庄二桥北延线道路工程\施工图修编\第八篇 环境保护与景观设计\S8-5~6 绿化喷淋平面设计图.dwg,平面图004,2012-10-26 21:31:59,Administrator,pdfFactory Pro.pc3,A3,1:0.5,
\\Pc01\DATA (E)\佛山市禅城区南庄二桥北延线道路工程\施工图修编\第八篇 环境保护与景观设计\S8-5~6 绿化喷淋平面设计图.dwg,平面图005,2012-10-26 21:32:14,Administrator,pdfFactory Pro.pc3,A3,1:0.5,
\\Pc01\DATA (E)\佛山市禅城区南庄二桥北延线道路工程\施工图修编\第八篇 环境保护与景观设计\S8-5~6 绿化喷淋平面设计图.dwg,平面图006,2012-10-26 21:32:29,Administrator,pdfFactory Pro.pc3,A3,1:0.5,
\\Pc01\DATA (E)\佛山市禅城区南庄二桥北延线道路工程\施工图修编\第八篇 环境保护与景观设计\S8-5~6 绿化喷淋平面设计图.dwg,平面图007,2012-10-26 21:32:40,Administrator,pdfFactory Pro.pc3,A3,1:0.5,
\\Pc01\DATA (E)\佛山市禅城区南庄二桥北延线道路工程\施工图修编\第八篇 环境保护与景观设计\S8-5~6 绿化喷淋平面设计图.dwg,平面图008,2012-10-26 21:32:55,Administrator,pdfFactory Pro.pc3,A3,1:0.5,
\\Pc01\DATA (E)\佛山市禅城区南庄二桥北延线道路工程\施工图修编\第八篇 环境保护与景观设计\S8-5~6 绿化喷淋平面设计图.dwg,平面图009,2012-10-26 21:33:09,Administrator,pdfFactory Pro.pc3,A3,1:0.5,
\\Pc01\DATA (E)\佛山市禅城区南庄二桥北延线道路工程\施工图修编\第八篇 环境保护与景观设计\S8-5~6 绿化喷淋平面设计图.dwg,平面图010,2012-10-26 21:33:25,Administrator,pdfFactory Pro.pc3,A3,1:0.5,
\\Pc01\DATA (E)\佛山市禅城区南庄二桥北延线道路工程\施工图修编\第八篇 环境保护与景观设计\S8-5~6 绿化喷淋平面设计图.dwg,平面图011,2012-10-26 21:33:39,Administrator,pdfFactory Pro.pc3,A3,1:0.5,
\\Pc01\DATA (E)\佛山市禅城区南庄二桥北延线道路工程\施工图修编\第八篇 环境保护与景观设计\S8-5~6 绿化喷淋平面设计图.dwg,平面图012,2012-10-26 21:33:53,Administrator,pdfFactory Pro.pc3,A3,1:0.5,
\\Pc01\DATA (E)\佛山市禅城区南庄二桥北延线道路工程\施工图修编\第八篇 环境保护与景观设计\S8-5~6 绿化喷淋平面设计图.dwg,平面图013,2012-10-26 21:34:09,Administrator,pdfFactory Pro.pc3,A3,1:0.5,
\\Pc01\DATA (E)\佛山市禅城区南庄二桥北延线道路工程\施工图修编\第八篇 环境保护与景观设计\S8-5~6 绿化喷淋平面设计图.dwg,平面图014,2012-10-26 21:34:24,Administrator,pdfFactory Pro.pc3,A3,1:0.5,
\\Pc01\DATA (E)\佛山市禅城区南庄二桥北延线道路工程\施工图修编\第八篇 环境保护与景观设计\S8-7 喷淋大样图.dwg,Layout1,2012-10-26 21:36:00,Administrator,pdfFactory Pro.pc3,A3,1:1,
\\Pc01\DATA (E)\佛山市禅城区南庄二桥北延线道路工程\施工图修编\第八篇 环境保护与景观设计\S8-5~6 绿化喷淋平面设计图.dwg,喷淋设计说明,2012-11-5 19:27:11,Administrator,pdfFactory Pro,A3,0.0393701:1,
