\\Pc01\DATA (E)\佛山市禅城区南庄二桥北延线道路工程\施工图修编\第二篇 路线\S2-2 路线平面图.dwg,平面图001,2012-10-26 16:25:17,Administrator,pdfFactory Pro,A3,0.0393701:1,
\\Pc01\DATA (E)\佛山市禅城区南庄二桥北延线道路工程\施工图修编\第二篇 路线\S2-2 路线平面图.dwg,平面图002,2012-10-26 16:26:44,Administrator,pdfFactory Pro,A3,0.0393701:1,
\\Pc01\DATA (E)\佛山市禅城区南庄二桥北延线道路工程\施工图修编\第二篇 路线\S2-2 路线平面图.dwg,平面图003,2012-10-26 16:28:02,Administrator,pdfFactory Pro,A3,0.0393701:1,
\\Pc01\DATA (E)\佛山市禅城区南庄二桥北延线道路工程\施工图修编\第二篇 路线\S2-2 路线平面图.dwg,平面图004,2012-10-26 16:29:50,Administrator,pdfFactory Pro,A3,0.0393701:1,
\\Pc01\DATA (E)\佛山市禅城区南庄二桥北延线道路工程\施工图修编\第二篇 路线\S2-2 路线平面图.dwg,平面图005,2012-10-26 16:31:41,Administrator,pdfFactory Pro,A3,0.0393701:1,
\\Pc01\DATA (E)\佛山市禅城区南庄二桥北延线道路工程\施工图修编\第二篇 路线\S2-2 路线平面图.dwg,平面图006,2012-10-26 16:33:23,Administrator,pdfFactory Pro,A3,0.0393701:1,
\\Pc01\DATA (E)\佛山市禅城区南庄二桥北延线道路工程\施工图修编\第二篇 路线\S2-2 路线平面图.dwg,平面图007,2012-10-26 16:34:51,Administrator,pdfFactory Pro,A3,0.0393701:1,
\\Pc01\DATA (E)\佛山市禅城区南庄二桥北延线道路工程\施工图修编\第二篇 路线\S2-2 路线平面图.dwg,平面图008,2012-10-26 16:36:35,Administrator,pdfFactory Pro,A3,0.0393701:1,
\\Pc01\DATA (E)\佛山市禅城区南庄二桥北延线道路工程\施工图修编\第二篇 路线\S2-3 路线纵断面图.dwg,Model,2012-10-26 16:40:52,Administrator,pdfFactory Pro,A3,0.0393701:2,
\\Pc01\DATA (E)\佛山市禅城区南庄二桥北延线道路工程\施工图修编\第二篇 路线\S2-3 路线纵断面图.dwg,Model,2012-10-26 16:41:05,Administrator,pdfFactory Pro,A3,0.0393701:2,
\\Pc01\DATA (E)\佛山市禅城区南庄二桥北延线道路工程\施工图修编\第二篇 路线\S2-3 路线纵断面图.dwg,Model,2012-10-26 16:41:43,Administrator,pdfFactory Pro,A3,0.0393701:2,
\\Pc01\DATA (E)\佛山市禅城区南庄二桥北延线道路工程\施工图修编\第二篇 路线\S2-3 路线纵断面图.dwg,Model,2012-10-26 16:41:51,Administrator,pdfFactory Pro,A3,0.0393701:2,
\\Pc01\DATA (E)\佛山市禅城区南庄二桥北延线道路工程\施工图修编\第二篇 路线\S2-3 路线纵断面图.dwg,Model,2012-10-26 16:41:59,Administrator,pdfFactory Pro,A3,0.0393701:2,
\\Pc01\DATA (E)\佛山市禅城区南庄二桥北延线道路工程\施工图修编\第二篇 路线\S2-3 路线纵断面图.dwg,Model,2012-10-26 16:42:07,Administrator,pdfFactory Pro,A3,0.0393701:2,
\\Pc01\DATA (E)\佛山市禅城区南庄二桥北延线道路工程\施工图修编\第二篇 路线\S2-7 道路用地图.dwg,平面图001,2012-10-26 16:48:48,Administrator,pdfFactory Pro,A3,0.0393701:1,
\\Pc01\DATA (E)\佛山市禅城区南庄二桥北延线道路工程\施工图修编\第二篇 路线\S2-7 道路用地图.dwg,平面图002,2012-10-26 16:50:30,Administrator,pdfFactory Pro,A3,0.0393701:1,
\\Pc01\DATA (E)\佛山市禅城区南庄二桥北延线道路工程\施工图修编\第二篇 路线\S2-7 道路用地图.dwg,平面图003,2012-10-26 16:51:37,Administrator,pdfFactory Pro,A3,0.0393701:1,
\\Pc01\DATA (E)\佛山市禅城区南庄二桥北延线道路工程\施工图修编\第二篇 路线\S2-7 道路用地图.dwg,平面图004,2012-10-26 16:52:36,Administrator,pdfFactory Pro,A3,0.0393701:1,
\\Pc01\DATA (E)\佛山市禅城区南庄二桥北延线道路工程\施工图修编\第二篇 路线\S2-7 道路用地图.dwg,平面图005,2012-10-26 16:54:08,Administrator,pdfFactory Pro,A3,0.0393701:1,
\\Pc01\DATA (E)\佛山市禅城区南庄二桥北延线道路工程\施工图修编\第二篇 路线\S2-7 道路用地图.dwg,平面图006,2012-10-26 16:58:01,Administrator,pdfFactory Pro,A3,0.0393701:1,
\\Pc01\DATA (E)\佛山市禅城区南庄二桥北延线道路工程\施工图修编\第二篇 路线\S2-7 道路用地图.dwg,平面图007,2012-10-26 16:59:18,Administrator,pdfFactory Pro,A3,0.0393701:1,
\\Pc01\DATA (E)\佛山市禅城区南庄二桥北延线道路工程\施工图修编\第二篇 路线\S2-7 道路用地图.dwg,平面图008,2012-10-26 17:01:42,Administrator,pdfFactory Pro,A3,0.0393701:1,
\\Pc01\DATA (E)\佛山市禅城区南庄二桥北延线道路工程\施工图修编\第二篇 路线\S2-13 安全设施\S2-13-2 安全设施布设横断面图.dwg,Model,2012-10-26 17:09:14,Administrator,pdfFactory Pro,A3,0.0393701:1,
\\Pc01\DATA (E)\佛山市禅城区南庄二桥北延线道路工程\施工图修编\第二篇 路线\S2-13 安全设施\S2-13-3 标志标线平面布置图0821.dwg,平面图001,2012-10-26 17:10:41,Administrator,pdfFactory Pro,A3,0.0393701:1,
\\Pc01\DATA (E)\佛山市禅城区南庄二桥北延线道路工程\施工图修编\第二篇 路线\S2-13 安全设施\S2-13-3 标志标线平面布置图0821.dwg,平面图002,2012-10-26 17:10:56,Administrator,pdfFactory Pro,A3,0.0393701:1,
\\Pc01\DATA (E)\佛山市禅城区南庄二桥北延线道路工程\施工图修编\第二篇 路线\S2-13 安全设施\S2-13-3 标志标线平面布置图0821.dwg,平面图003,2012-10-26 17:11:07,Administrator,pdfFactory Pro,A3,0.0393701:1,
\\Pc01\DATA (E)\佛山市禅城区南庄二桥北延线道路工程\施工图修编\第二篇 路线\S2-13 安全设施\S2-13-3 标志标线平面布置图0821.dwg,平面图004,2012-10-26 17:11:21,Administrator,pdfFactory Pro,A3,0.0393701:1,
\\Pc01\DATA (E)\佛山市禅城区南庄二桥北延线道路工程\施工图修编\第二篇 路线\S2-13 安全设施\S2-13-3 标志标线平面布置图0821.dwg,平面图005,2012-10-26 17:11:35,Administrator,pdfFactory Pro,A3,0.0393701:1,
\\Pc01\DATA (E)\佛山市禅城区南庄二桥北延线道路工程\施工图修编\第二篇 路线\S2-13 安全设施\S2-13-3 标志标线平面布置图0821.dwg,平面图006,2012-10-26 17:11:48,Administrator,pdfFactory Pro,A3,0.0393701:1,
\\Pc01\DATA (E)\佛山市禅城区南庄二桥北延线道路工程\施工图修编\第二篇 路线\S2-13 安全设施\S2-13-3 标志标线平面布置图0821.dwg,平面图007,2012-10-26 17:11:59,Administrator,pdfFactory Pro,A3,0.0393701:1,
\\Pc01\DATA (E)\佛山市禅城区南庄二桥北延线道路工程\施工图修编\第二篇 路线\S2-13 安全设施\S2-13-3 标志标线平面布置图0821.dwg,平面图008,2012-10-26 17:12:08,Administrator,pdfFactory Pro,A3,0.0393701:1,
\\Pc01\DATA (E)\佛山市禅城区南庄二桥北延线道路工程\施工图修编\第二篇 路线\S2-13 安全设施\S2-13-4和S2-13-6.dwg,Model,2012-10-26 17:22:39,Administrator,pdfFactory Pro,A3,0.0393701:1,
\\Pc01\DATA (E)\佛山市禅城区南庄二桥北延线道路工程\施工图修编\第二篇 路线\S2-13 安全设施\S2-13-4和S2-13-6.dwg,Model,2012-10-26 17:22:50,Administrator,pdfFactory Pro,A3,0.0393701:1,
\\Pc01\DATA (E)\佛山市禅城区南庄二桥北延线道路工程\施工图修编\第二篇 路线\S2-13 安全设施\S2-13-4和S2-13-6.dwg,Model,2012-10-26 17:23:04,Administrator,pdfFactory Pro,A3,0.0393701:1,
\\Pc01\DATA (E)\佛山市禅城区南庄二桥北延线道路工程\施工图修编\第二篇 路线\S2-13 安全设施\S2-13-4和S2-13-6.dwg,Model,2012-10-26 17:23:12,Administrator,pdfFactory Pro,A3,0.0393701:1,
\\Pc01\DATA (E)\佛山市禅城区南庄二桥北延线道路工程\施工图修编\第二篇 路线\S2-13 安全设施\S2-13-4和S2-13-6.dwg,Model,2012-10-26 17:26:11,Administrator,pdfFactory Pro,A3,0.0393701:1,
\\Pc01\DATA (E)\佛山市禅城区南庄二桥北延线道路工程\施工图修编\第二篇 路线\S2-13 安全设施\S2-13-4和S2-13-6.dwg,Model,2012-10-26 17:26:29,Administrator,pdfFactory Pro,A3,0.0393701:1,
\\Pc01\DATA (E)\佛山市禅城区南庄二桥北延线道路工程\施工图修编\第二篇 路线\S2-13 安全设施\S2-13-4和S2-13-6.dwg,Model,2012-10-26 17:27:21,Administrator,pdfFactory Pro,A3,0.0393701:1,
\\Pc01\DATA (E)\佛山市禅城区南庄二桥北延线道路工程\施工图修编\第一篇 总体设计\S1-3 路线平、纵面缩图.dwg,平面图001,2012-10-26 18:38:15,Administrator,pdfFactory Pro,A3,0.0393701:1,
